<?xml version="1.0" encoding="UTF-8"?>
<!-- Generated by org.testng.reporters.JUnitReportReporter -->
<testsuite hostname="Lenovo-PC" failures="0" tests="1" name="news360.LoginTest" time="12.403" errors="0" timestamp="24 Dec 2017 21:18:49 GMT" skipped="0">
  <testcase classname="news360.LoginTest" name="TestCase1" time="12.403"/>
</testsuite> <!-- news360.LoginTest -->
